{"level":"DEBUG","location":"[get_call:136] fyersModel","message":{"Status Code":200,"API":"/funds"},"timestamp":"2024-06-29 17:28:50,054+0530","service":"FyersAPIRequest"}
{"level":"DEBUG","location":"[get_call:136] fyersModel","message":{"Status Code":200,"API":"/funds"},"timestamp":"2024-06-29 17:33:45,065+0530","service":"FyersAPIRequest"}
{"level":"DEBUG","location":"[get_call:136] fyersModel","message":{"Status Code":200,"API":"/funds"},"timestamp":"2024-06-29 17:35:11,072+0530","service":"FyersAPIRequest"}
{"level":"DEBUG","location":"[get_call:136] fyersModel","message":{"Status Code":200,"API":"/funds"},"timestamp":"2024-06-29 17:35:41,747+0530","service":"FyersAPIRequest"}
{"level":"DEBUG","location":"[get_call:136] fyersModel","message":{"Status Code":200,"API":"/funds"},"timestamp":"2024-06-29 17:36:15,202+0530","service":"FyersAPIRequest"}
{"level":"DEBUG","location":"[get_call:136] fyersModel","message":{"Status Code":200,"API":"/quotes"},"timestamp":"2024-06-29 18:20:15,373+0530","service":"FyersAPIRequest"}
{"level":"DEBUG","location":"[get_call:136] fyersModel","message":{"Status Code":200,"API":"/quotes"},"timestamp":"2024-06-29 18:20:47,043+0530","service":"FyersAPIRequest"}
{"level":"DEBUG","location":"[get_call:136] fyersModel","message":{"Status Code":200,"API":"/funds"},"timestamp":"2024-06-29 19:56:18,942+0530","service":"FyersAPIRequest"}
{"level":"DEBUG","location":"[get_call:136] fyersModel","message":{"Status Code":200,"API":"/quotes"},"timestamp":"2024-06-29 19:56:22,299+0530","service":"FyersAPIRequest"}
{"level":"DEBUG","location":"[get_call:136] fyersModel","message":{"Status Code":200,"API":"/funds"},"timestamp":"2024-06-29 19:59:39,331+0530","service":"FyersAPIRequest"}
{"level":"DEBUG","location":"[get_call:136] fyersModel","message":{"Status Code":200,"API":"/quotes"},"timestamp":"2024-06-29 19:59:44,629+0530","service":"FyersAPIRequest"}
{"level":"DEBUG","location":"[get_call:136] fyersModel","message":{"Status Code":200,"API":"/funds"},"timestamp":"2024-06-29 20:07:51,403+0530","service":"FyersAPIRequest"}
{"level":"DEBUG","location":"[get_call:136] fyersModel","message":{"Status Code":200,"API":"/quotes"},"timestamp":"2024-06-29 20:07:54,900+0530","service":"FyersAPIRequest"}
{"level":"DEBUG","location":"[get_call:136] fyersModel","message":{"Status Code":200,"API":"/funds"},"timestamp":"2024-06-29 20:08:30,770+0530","service":"FyersAPIRequest"}
{"level":"DEBUG","location":"[get_call:136] fyersModel","message":{"Status Code":200,"API":"/quotes"},"timestamp":"2024-06-29 20:08:34,177+0530","service":"FyersAPIRequest"}
{"level":"DEBUG","location":"[get_call:136] fyersModel","message":{"Status Code":200,"API":"/funds"},"timestamp":"2024-06-29 20:10:56,020+0530","service":"FyersAPIRequest"}
{"level":"DEBUG","location":"[get_call:136] fyersModel","message":{"Status Code":200,"API":"/quotes"},"timestamp":"2024-06-29 20:11:00,171+0530","service":"FyersAPIRequest"}
{"level":"DEBUG","location":"[get_call:136] fyersModel","message":{"Status Code":200,"API":"/funds"},"timestamp":"2024-06-29 20:13:52,216+0530","service":"FyersAPIRequest"}
{"level":"DEBUG","location":"[get_call:136] fyersModel","message":{"Status Code":200,"API":"/quotes"},"timestamp":"2024-06-29 20:13:55,388+0530","service":"FyersAPIRequest"}
{"level":"DEBUG","location":"[get_call:136] fyersModel","message":{"Status Code":200,"API":"/funds"},"timestamp":"2024-06-29 20:14:39,503+0530","service":"FyersAPIRequest"}
{"level":"DEBUG","location":"[get_call:136] fyersModel","message":{"Status Code":200,"API":"/quotes"},"timestamp":"2024-06-29 20:14:43,305+0530","service":"FyersAPIRequest"}
{"level":"DEBUG","location":"[get_call:136] fyersModel","message":{"Status Code":200,"API":"/funds"},"timestamp":"2024-06-29 20:16:20,183+0530","service":"FyersAPIRequest"}
{"level":"DEBUG","location":"[get_call:136] fyersModel","message":{"Status Code":200,"API":"/quotes"},"timestamp":"2024-06-29 20:16:23,659+0530","service":"FyersAPIRequest"}
{"level":"DEBUG","location":"[get_call:136] fyersModel","message":{"Status Code":200,"API":"/funds"},"timestamp":"2024-06-29 20:18:04,837+0530","service":"FyersAPIRequest"}
{"level":"DEBUG","location":"[get_call:136] fyersModel","message":{"Status Code":200,"API":"/quotes"},"timestamp":"2024-06-29 20:18:08,207+0530","service":"FyersAPIRequest"}
{"level":"DEBUG","location":"[get_call:136] fyersModel","message":{"Status Code":200,"API":"/funds"},"timestamp":"2024-06-29 20:22:44,584+0530","service":"FyersAPIRequest"}
{"level":"DEBUG","location":"[get_call:136] fyersModel","message":{"Status Code":200,"API":"/quotes"},"timestamp":"2024-06-29 20:22:48,481+0530","service":"FyersAPIRequest"}
{"level":"DEBUG","location":"[get_call:136] fyersModel","message":{"Status Code":200,"API":"/funds"},"timestamp":"2024-06-29 20:24:08,374+0530","service":"FyersAPIRequest"}
{"level":"DEBUG","location":"[get_call:136] fyersModel","message":{"Status Code":200,"API":"/quotes"},"timestamp":"2024-06-29 20:24:12,154+0530","service":"FyersAPIRequest"}
{"level":"DEBUG","location":"[get_call:136] fyersModel","message":{"Status Code":200,"API":"/funds"},"timestamp":"2024-06-29 20:25:53,322+0530","service":"FyersAPIRequest"}
{"level":"DEBUG","location":"[get_call:136] fyersModel","message":{"Status Code":200,"API":"/quotes"},"timestamp":"2024-06-29 20:25:57,154+0530","service":"FyersAPIRequest"}
{"level":"DEBUG","location":"[get_call:136] fyersModel","message":{"Status Code":200,"API":"/funds"},"timestamp":"2024-06-29 20:26:58,975+0530","service":"FyersAPIRequest"}
{"level":"DEBUG","location":"[get_call:136] fyersModel","message":{"Status Code":200,"API":"/quotes"},"timestamp":"2024-06-29 20:27:02,446+0530","service":"FyersAPIRequest"}
{"level":"DEBUG","location":"[get_call:136] fyersModel","message":{"Status Code":200,"API":"/funds"},"timestamp":"2024-06-29 20:27:56,248+0530","service":"FyersAPIRequest"}
{"level":"DEBUG","location":"[get_call:136] fyersModel","message":{"Status Code":200,"API":"/quotes"},"timestamp":"2024-06-29 20:27:59,395+0530","service":"FyersAPIRequest"}
{"level":"DEBUG","location":"[get_call:136] fyersModel","message":{"Status Code":200,"API":"/funds"},"timestamp":"2024-06-29 21:55:09,359+0530","service":"FyersAPIRequest"}
{"level":"DEBUG","location":"[get_call:136] fyersModel","message":{"Status Code":200,"API":"/quotes"},"timestamp":"2024-06-29 21:55:12,802+0530","service":"FyersAPIRequest"}
{"level":"DEBUG","location":"[post_call:77] fyersModel","message":{"Status Code":400,"API":"/orders/sync"},"timestamp":"2024-06-29 21:55:13,596+0530","service":"FyersAPIRequest"}
{"level":"DEBUG","location":"[get_call:136] fyersModel","message":{"Status Code":200,"API":"/funds"},"timestamp":"2024-06-29 21:56:24,046+0530","service":"FyersAPIRequest"}
{"level":"DEBUG","location":"[get_call:136] fyersModel","message":{"Status Code":200,"API":"/quotes"},"timestamp":"2024-06-29 21:56:28,001+0530","service":"FyersAPIRequest"}
{"level":"DEBUG","location":"[post_call:77] fyersModel","message":{"Status Code":400,"API":"/orders/sync"},"timestamp":"2024-06-29 21:56:28,926+0530","service":"FyersAPIRequest"}
{"level":"DEBUG","location":"[get_call:136] fyersModel","message":{"Status Code":200,"API":"/funds"},"timestamp":"2024-06-29 21:57:30,735+0530","service":"FyersAPIRequest"}
{"level":"DEBUG","location":"[get_call:136] fyersModel","message":{"Status Code":200,"API":"/quotes"},"timestamp":"2024-06-29 21:57:34,207+0530","service":"FyersAPIRequest"}
{"level":"DEBUG","location":"[post_call:77] fyersModel","message":{"Status Code":200,"API":"/orders/sync"},"timestamp":"2024-06-29 21:57:35,019+0530","service":"FyersAPIRequest"}
{"level":"DEBUG","location":"[get_call:136] fyersModel","message":{"Status Code":200,"API":"/funds"},"timestamp":"2024-06-29 22:04:45,097+0530","service":"FyersAPIRequest"}
{"level":"DEBUG","location":"[get_call:136] fyersModel","message":{"Status Code":200,"API":"/quotes"},"timestamp":"2024-06-29 22:04:49,742+0530","service":"FyersAPIRequest"}
{"level":"DEBUG","location":"[post_call:77] fyersModel","message":{"Status Code":400,"API":"/orders/sync"},"timestamp":"2024-06-29 22:04:50,642+0530","service":"FyersAPIRequest"}
{"level":"DEBUG","location":"[get_call:136] fyersModel","message":{"Status Code":200,"API":"/funds"},"timestamp":"2024-06-29 22:06:10,079+0530","service":"FyersAPIRequest"}
{"level":"DEBUG","location":"[get_call:136] fyersModel","message":{"Status Code":200,"API":"/quotes"},"timestamp":"2024-06-29 22:06:14,210+0530","service":"FyersAPIRequest"}
{"level":"DEBUG","location":"[post_call:77] fyersModel","message":{"Status Code":200,"API":"/orders/sync"},"timestamp":"2024-06-29 22:06:15,189+0530","service":"FyersAPIRequest"}
{"level":"DEBUG","location":"[get_call:136] fyersModel","message":{"Status Code":200,"API":"/funds"},"timestamp":"2024-06-29 23:02:11,666+0530","service":"FyersAPIRequest","taskName":"Task-11"}
{"level":"DEBUG","location":"[get_call:136] fyersModel","message":{"Status Code":200,"API":"/quotes"},"timestamp":"2024-06-29 23:02:16,171+0530","service":"FyersAPIRequest","taskName":"Task-11"}
{"level":"DEBUG","location":"[post_call:77] fyersModel","message":{"Status Code":200,"API":"/orders/sync"},"timestamp":"2024-06-29 23:02:17,438+0530","service":"FyersAPIRequest","taskName":"Task-11"}
{"level":"DEBUG","location":"[get_call:136] fyersModel","message":{"Status Code":200,"API":"/funds"},"timestamp":"2024-06-29 23:08:30,122+0530","service":"FyersAPIRequest","taskName":"Task-9"}
{"level":"DEBUG","location":"[get_call:136] fyersModel","message":{"Status Code":200,"API":"/quotes"},"timestamp":"2024-06-29 23:08:35,231+0530","service":"FyersAPIRequest","taskName":"Task-9"}
{"level":"DEBUG","location":"[post_call:77] fyersModel","message":{"Status Code":200,"API":"/orders/sync"},"timestamp":"2024-06-29 23:08:36,171+0530","service":"FyersAPIRequest","taskName":"Task-9"}
